<?xml version="1.0"?>
<testsuite name="Edge 134.0.0.0 (Windows 10)" package="" timestamp="2025-03-26T16:24:54" id="0" hostname="LAPTOP14" tests="0" errors="1" failures="0" time="0">
  <properties>
    <property name="browser.fullName" value="Mozilla/5.0 (Windows NT 10.0; Win64; x64) AppleWebKit/537.36 (KHTML, like Gecko) Chrome/134.0.0.0 Safari/537.36 Edg/134.0.0.0"/>
  </properties>
  <system-out>
    <![CDATA[Edge 134.0.0.0 (Windows 10) ERROR
  Some of your tests did a full page reload!
,Edge 134.0.0.0 (Windows 10) ERROR
  Disconnected Client disconnected from CONNECTED state (transport close)
,Edge 134.0.0.0 (Windows 10) ERROR
  Some of your tests did a full page reload!

]]>
  </system-out>
  <system-err/>
</testsuite>